<?xml version="1.0" encoding="UTF-8"?>
<!-- Generated by org.testng.reporters.JUnitReportReporter -->
<testsuite skipped="0" hostname="caohch1-OptiPlex-7090" name="TestFlowOne" tests="5" failures="0" timestamp="06 Sep 2023 08:26:22 GMT" time="23.039" errors="0">
  <testcase name="testTicketPay" time="8.123" classname="TestFlowOne"/>
  <testcase name="testLogin" time="1.545" classname="TestFlowOne"/>
  <testcase name="testSelectContacts" time="1.089" classname="TestFlowOne"/>
  <testcase name="testBooking" time="4.080" classname="TestFlowOne"/>
  <testcase name="testTicketConfirm" time="8.202" classname="TestFlowOne"/>
</testsuite> <!-- TestFlowOne -->
