<?xml version="1.0" encoding="UTF-8"?>
<!-- Generated by org.testng.reporters.JUnitReportReporter -->
<testsuite skipped="0" hostname="caohch1-OptiPlex-7090" name="TestFlowOne" tests="3" failures="0" timestamp="12 Sep 2023 06:51:34 GMT" time="25.481" errors="0">
  <testcase name="testLogin" time="4.328" classname="TestFlowOne"/>
  <testcase name="testViewOrders" time="4.640" classname="TestFlowOne"/>
  <testcase name="testClickOrderCancel" time="16.513" classname="TestFlowOne"/>
</testsuite> <!-- TestFlowOne -->
