<?xml version="1.0" encoding="UTF-8"?>
<!-- Generated by org.testng.reporters.JUnitReportReporter -->
<testsuite skipped="0" hostname="caohch1-OptiPlex-7090" name="TestFlowSuccess" tests="5" failures="0" timestamp="12 Sep 2023 07:40:29 GMT" time="40.818" errors="0">
  <testcase name="testViewOrders" time="1.392" classname="TestFlowSuccess"/>
  <testcase name="testViewAllOrdersThread" time="1.680" classname="TestFlowSuccess"/>
  <testcase name="testClickOrderCancel" time="22.337" classname="TestFlowSuccess"/>
  <testcase name="testLogin" time="4.055" classname="TestFlowSuccess"/>
  <testcase name="testInputSomethingAdmin" time="11.354" classname="TestFlowSuccess"/>
</testsuite> <!-- TestFlowSuccess -->
