<?xml version="1.0" encoding="UTF-8"?>
<!-- Generated by org.testng.reporters.JUnitReportReporter -->
<testsuite skipped="0" hostname="caohch1-OptiPlex-7090" name="TestFlowOne" tests="5" failures="0" timestamp="04 Sep 2023 09:26:57 GMT" time="21.200" errors="0">
  <testcase name="testSelectContacts" time="2.102" classname="TestFlowOne"/>
  <testcase name="testTicketConfirm" time="12.240" classname="TestFlowOne"/>
  <testcase name="testBooking" time="3.286" classname="TestFlowOne"/>
  <testcase name="testTicketPay" time="2.141" classname="TestFlowOne"/>
  <testcase name="testLogin" time="1.431" classname="TestFlowOne"/>
</testsuite> <!-- TestFlowOne -->
