<?xml version="1.0" encoding="UTF-8"?>
<!-- Generated by org.testng.reporters.JUnitReportReporter -->
<testsuite skipped="0" hostname="caohch1-OptiPlex-7090" name="TestFlowSuccess" tests="3" failures="0" timestamp="06 Sep 2023 09:06:56 GMT" time="22.741" errors="0">
  <testcase name="testClickOrderCancel" time="14.141" classname="TestFlowSuccess"/>
  <testcase name="testLogin" time="7.538" classname="TestFlowSuccess"/>
  <testcase name="testViewOrders" time="1.062" classname="TestFlowSuccess"/>
</testsuite> <!-- TestFlowSuccess -->
