<?xml version="1.0" encoding="UTF-8"?>
<!-- Generated by org.testng.reporters.JUnitReportReporter -->
<testsuite skipped="0" hostname="caohch1-OptiPlex-7090" name="TestFlowOne" tests="4" failures="0" timestamp="31 Aug 2023 08:58:51 GMT" time="56.391" errors="0">
  <testcase name="testTicketConfirm" time="22.182" classname="TestFlowOne"/>
  <testcase name="testBooking" time="18.176" classname="TestFlowOne"/>
  <testcase name="testLogin" time="7.607" classname="TestFlowOne"/>
  <testcase name="testSelectContacts" time="8.426" classname="TestFlowOne"/>
</testsuite> <!-- TestFlowOne -->
