<?xml version="1.0" encoding="UTF-8"?>
<!-- Generated by org.testng.reporters.JUnitReportReporter -->
<testsuite skipped="0" hostname="caohch1-OptiPlex-7090" name="TestFlowTwoCancel" tests="3" failures="0" timestamp="20 Aug 2023 08:05:16 GMT" time="29.334" errors="0">
  <testcase name="testLogin" time="4.479" classname="TestFlowTwoCancel"/>
  <testcase name="testClickOrderCancel" time="22.117" classname="TestFlowTwoCancel"/>
  <testcase name="testViewOrders" time="2.738" classname="TestFlowTwoCancel"/>
</testsuite> <!-- TestFlowTwoCancel -->
