<?xml version="1.0" encoding="UTF-8"?>
<!-- Generated by org.testng.reporters.JUnitReportReporter -->
<testsuite skipped="0" hostname="caohch1-OptiPlex-7090" name="TestFlowTwoCancel" tests="3" failures="0" timestamp="30 Aug 2023 10:51:47 GMT" time="30.195" errors="0">
  <testcase name="testClickOrderCancel" time="19.666" classname="TestFlowTwoCancel"/>
  <testcase name="testViewOrders" time="5.837" classname="TestFlowTwoCancel"/>
  <testcase name="testLogin" time="4.692" classname="TestFlowTwoCancel"/>
</testsuite> <!-- TestFlowTwoCancel -->
