<?xml version="1.0" encoding="UTF-8"?>
<!-- Generated by org.testng.reporters.JUnitReportReporter -->
<testsuite skipped="0" hostname="caohch1-OptiPlex-7090" name="TestFlowTwoCancel" tests="3" failures="0" timestamp="20 Aug 2023 08:19:32 GMT" time="34.162" errors="0">
  <testcase name="testLogin" time="6.929" classname="TestFlowTwoCancel"/>
  <testcase name="testClickOrderCancel" time="21.086" classname="TestFlowTwoCancel"/>
  <testcase name="testViewOrders" time="6.147" classname="TestFlowTwoCancel"/>
</testsuite> <!-- TestFlowTwoCancel -->
