<?xml version="1.0" encoding="UTF-8"?>
<!-- Generated by org.testng.reporters.JUnitReportReporter -->
<testsuite skipped="0" hostname="caohch1-OptiPlex-7090" name="TestFlowKill" tests="2" failures="0" timestamp="01 Sep 2023 10:05:44 GMT" time="49.340" errors="0">
  <testcase name="testBooking" time="17.941" classname="TestFlowKill"/>
  <testcase name="testLogin" time="31.399" classname="TestFlowKill"/>
</testsuite> <!-- TestFlowKill -->
